<?xml version="1.0" encoding="UTF-8"?>
<!-- Generated by org.testng.reporters.JUnitXMLReporter -->
<testsuite ignored="1" hostname="LAPTOP-QKUUBAT3" failures="0" tests="2" name="Test" time="9.371" errors="0" timestamp="2023-05-26T15:14:23 IST">
  <testcase classname="testngpkg.Groupingng" name="test1" time="0.033"/>
  <testcase classname="testngpkg.Groupingng" name="test2" time="0.199"/>
  <testcase classname="testngpkg.Groupingng" name="test3" time="0.0">
    <ignored/>
  </testcase> <!-- test3 -->
</testsuite> <!-- Test -->
