<?xml version="1.0" encoding="UTF-8"?>
<testng-results ignored="0" total="1" passed="1" failed="0" skipped="0">
  <reporter-output>
  </reporter-output>
  <suite started-at="2023-06-13T14:24:53 IST" name="Default suite" finished-at="2023-06-13T14:26:43 IST" duration-ms="109525">
    <groups>
    </groups>
    <test started-at="2023-06-13T14:24:53 IST" name="Default test" finished-at="2023-06-13T14:26:43 IST" duration-ms="109525">
      <class name="testngpkg.Amazonwh">
        <test-method is-config="true" signature="setup()[pri:0, instance:testngpkg.Amazonwh@72e5a8e]" started-at="2023-06-13T14:24:53 IST" name="setup" finished-at="2023-06-13T14:25:24 IST" duration-ms="30999" status="PASS">
          <reporter-output>
          </reporter-output>
        </test-method> <!-- setup -->
        <test-method signature="test()[pri:0, instance:testngpkg.Amazonwh@72e5a8e]" started-at="2023-06-13T14:25:24 IST" name="test" finished-at="2023-06-13T14:26:43 IST" duration-ms="78446" status="PASS">
          <reporter-output>
          </reporter-output>
        </test-method> <!-- test -->
      </class> <!-- testngpkg.Amazonwh -->
    </test> <!-- Default test -->
  </suite> <!-- Default suite -->
</testng-results>
